#
# A fatal error has been detected by the Java Runtime Environment:
#
#  EXCEPTION_ACCESS_VIOLATION (0xc0000005) at pc=0x00000000699cb630, pid=6924, tid=9852
#
# JRE version: Java(TM) SE Runtime Environment (8.0_65-b17) (build 1.8.0_65-b17)
# Java VM: Java HotSpot(TM) 64-Bit Server VM (25.65-b01 mixed mode windows-amd64 compressed oops)
# Problematic frame:
# V  [jvm.dll+0xeb630]
#
# Failed to write core dump. Minidumps are not enabled by default on client versions of Windows
#
# If you would like to submit a bug report, please visit:
#   http://bugreport.java.com/bugreport/crash.jsp
#

---------------  T H R E A D  ---------------

Current thread (0x0000000018510800):  JavaThread "Daemon worker Thread 9" [_thread_in_vm, id=9852, stack(0x0000000000310000,0x0000000000410000)]

siginfo: ExceptionCode=0xc0000005, writing address 0x0000000000000000

Registers:
RAX=0x0000000000000011, RBX=0x0000000000000000, RCX=0x0000000000000000, RDX=0x0000000000000000
RSP=0x000000000040d148, RBP=0x00000000000007ff, RSI=0x00000000ec476628, RDI=0x0000000000000010
R8 =0x0000000000000010, R9 =0x0000000000000010, R10=0x00000000ec476600, R11=0x0000000000000000
R12=0x0000000000000000, R13=0x000000001b14c5e0, R14=0x000000001b14c5f0, R15=0x000000001b14c9c8
RIP=0x00000000699cb630, EFLAGS=0x0000000000010206

Top of Stack: (sp=0x000000000040d148)
0x000000000040d148:   0000000069b59d48 0000000018510800
0x000000000040d158:   000000000040d1f0 00000000ec476110
0x000000000040d168:   0000000000000000 00000000ec476600
0x000000000040d178:   0000000069a242d0 0000000000000010
0x000000000040d188:   00000000173ffc80 0000000018510800
0x000000000040d198:   00000000ec476048 0000000000000000
0x000000000040d1a8:   0000000069a2351e 0000000018510800
0x000000000040d1b8:   0000000000000000 00000000ec476168
0x000000000040d1c8:   0000000069a2336c 0000000000000010
0x000000000040d1d8:   00000000185109f8 0000000000000000
0x000000000040d1e8:   000000000040d330 000000000040d230
0x000000000040d1f8:   00000000698a1aee 00000000000003d8
0x000000000040d208:   00000000ec476500 000000000040d340
0x000000000040d218:   0000000000000000 000000000040d230
0x000000000040d228:   000000000040d1f0 0000000000000000
0x000000000040d238:   00000000185109f8 000000000040d2e0 

Instructions: (pc=0x00000000699cb630)
0x00000000699cb610:   48 8b 89 30 01 00 00 e9 44 a3 f3 ff cc cc cc cc
0x00000000699cb620:   48 89 5c 24 08 57 48 83 ec 20 48 8b f9 8b 0d 65
0x00000000699cb630:   c0 6b 00 8b da ff 15 b5 7d 4e 00 44 8b c3 48 8b
0x00000000699cb640:   d7 48 8b 88 30 01 00 00 48 8b 5c 24 30 48 83 c4 


Register to memory mapping:

RAX=0x0000000000000011 is an unknown value
RBX=0x0000000000000000 is an unknown value
RCX=0x0000000000000000 is an unknown value
RDX=0x0000000000000000 is an unknown value
RSP=0x000000000040d148 is pointing into the stack for thread: 0x0000000018510800
RBP=0x00000000000007ff is an unknown value
RSI=0x00000000ec476628 is an oop

[error occurred during error reporting (printing register info), id 0xc0000005]

Stack: [0x0000000000310000,0x0000000000410000],  sp=0x000000000040d148,  free space=1012k
Native frames: (J=compiled Java code, j=interpreted, Vv=VM code, C=native code)
V  [jvm.dll+0xeb630]
C  0x00000000ec476600

Java frames: (J=compiled Java code, j=interpreted, Vv=VM code)
J 1526  java.lang.Class.forName0(Ljava/lang/String;ZLjava/lang/ClassLoader;Ljava/lang/Class;)Ljava/lang/Class; (0 bytes) @ 0x000000000300cd47 [0x000000000300ccc0+0x87]
J 8171 C2 sun.reflect.generics.visitor.Reifier.visitClassTypeSignature(Lsun/reflect/generics/tree/ClassTypeSignature;)V (381 bytes) @ 0x0000000004254e54 [0x0000000004254ac0+0x394]
J 8170 C2 sun.reflect.generics.tree.ClassTypeSignature.accept(Lsun/reflect/generics/visitor/TypeTreeVisitor;)V (8 bytes) @ 0x000000000422f368 [0x000000000422f320+0x48]
J 5040 C2 java.lang.reflect.Executable.sharedToGenericString(IZ)Ljava/lang/String; (329 bytes) @ 0x0000000003bf160c [0x0000000003befc20+0x19ec]
J 7910 C2 java.lang.reflect.Method.toGenericString()Ljava/lang/String; (12 bytes) @ 0x0000000004215610 [0x00000000042155a0+0x70]
J 11725 C2 java.beans.MethodRef.find(Ljava/lang/Class;Ljava/lang/String;)Ljava/lang/reflect/Method; (62 bytes) @ 0x0000000004c5d404 [0x0000000004c5d240+0x1c4]
J 12750 C2 java.beans.MethodRef.get()Ljava/lang/reflect/Method; (92 bytes) @ 0x0000000004ef3458 [0x0000000004ef2f20+0x538]
J 7916 C1 java.beans.PropertyDescriptor.getReadMethod()Ljava/lang/reflect/Method; (175 bytes) @ 0x000000000412f6b4 [0x000000000412f4e0+0x1d4]
J 4235 C1 groovy.lang.MetaClassImpl.applyPropertyDescriptors([Ljava/beans/PropertyDescriptor;)V (151 bytes) @ 0x000000000393ece4 [0x000000000393e980+0x364]
J 6601 C1 groovy.lang.MetaClassImpl.setupProperties([Ljava/beans/PropertyDescriptor;)V (300 bytes) @ 0x00000000040675ec [0x00000000040649c0+0x2c2c]
J 8352 C1 groovy.lang.MetaClassImpl.addProperties()V (230 bytes) @ 0x00000000042be38c [0x00000000042bde60+0x52c]
J 6598 C1 groovy.lang.MetaClassImpl.initialize()V (35 bytes) @ 0x000000000405f3dc [0x000000000405f180+0x25c]
J 12361 C2 groovy.lang.MetaClassImpl.getMetaProperty(Ljava/lang/String;)Lgroovy/lang/MetaProperty; (129 bytes) @ 0x0000000004e118fc [0x0000000004e0f020+0x28dc]
J 10176 C2 org.gradle.api.internal.BeanDynamicObject.hasProperty(Ljava/lang/String;)Z (11 bytes) @ 0x00000000038ee7a8 [0x00000000038ee720+0x88]
J 8240 C1 org.gradle.api.internal.CompositeDynamicObject.setProperty(Ljava/lang/String;Ljava/lang/Object;)V (148 bytes) @ 0x00000000042650cc [0x0000000004264f80+0x14c]
j  org.gradle.api.internal.project.DefaultProject_Decorated.setProperty(Ljava/lang/String;Ljava/lang/Object;)V+6
j  org.gradle.initialization.ProjectPropertySettingBuildLoader.addPropertiesToProject(Lorg/gradle/api/Project;)V+165
j  org.gradle.initialization.ProjectPropertySettingBuildLoader.setProjectProperties(Lorg/gradle/api/Project;)V+2
j  org.gradle.initialization.ProjectPropertySettingBuildLoader.load(Lorg/gradle/api/initialization/ProjectDescriptor;Lorg/gradle/api/initialization/ProjectDescriptor;Lorg/gradle/api/internal/GradleInternal;Lorg/gradle/api/internal/initialization/ClassLoaderScope;)V+21
j  org.gradle.initialization.NotifyingSettingsLoader.findAndLoadSettings(Lorg/gradle/api/internal/GradleInternal;)Lorg/gradle/api/internal/SettingsInternal;+44
j  org.gradle.initialization.DefaultGradleLauncher.doBuildStages(Lorg/gradle/initialization/DefaultGradleLauncher$Stage;)V+19
j  org.gradle.initialization.DefaultGradleLauncher.access$200(Lorg/gradle/initialization/DefaultGradleLauncher;Lorg/gradle/initialization/DefaultGradleLauncher$Stage;)V+2
j  org.gradle.initialization.DefaultGradleLauncher$1.create()Lorg/gradle/BuildResult;+29
j  org.gradle.initialization.DefaultGradleLauncher$1.create()Ljava/lang/Object;+1
j  org.gradle.internal.progress.DefaultBuildOperationExecutor.run(Lorg/gradle/internal/progress/BuildOperationDetails;Lorg/gradle/internal/Factory;)Ljava/lang/Object;+171
j  org.gradle.internal.progress.DefaultBuildOperationExecutor.run(Ljava/lang/String;Lorg/gradle/internal/Factory;)Ljava/lang/Object;+9
j  org.gradle.initialization.DefaultGradleLauncher.doBuild(Lorg/gradle/initialization/DefaultGradleLauncher$Stage;)Lorg/gradle/BuildResult;+25
j  org.gradle.initialization.DefaultGradleLauncher.run()Lorg/gradle/BuildResult;+4
j  org.gradle.launcher.exec.InProcessBuildActionExecuter$DefaultBuildController.run()Lorg/gradle/api/internal/GradleInternal;+4
j  org.gradle.tooling.internal.provider.runner.BuildModelActionRunner.run(Lorg/gradle/internal/invocation/BuildAction;Lorg/gradle/internal/invocation/BuildController;)V+29
j  org.gradle.launcher.exec.ChainingBuildActionRunner.run(Lorg/gradle/internal/invocation/BuildAction;Lorg/gradle/internal/invocation/BuildController;)V+34
j  org.gradle.tooling.internal.provider.runner.SubscribableBuildActionRunner.run(Lorg/gradle/internal/invocation/BuildAction;Lorg/gradle/internal/invocation/BuildController;)V+37
j  org.gradle.launcher.exec.ChainingBuildActionRunner.run(Lorg/gradle/internal/invocation/BuildAction;Lorg/gradle/internal/invocation/BuildController;)V+34
j  org.gradle.launcher.exec.InProcessBuildActionExecuter.execute(Lorg/gradle/internal/invocation/BuildAction;Lorg/gradle/initialization/BuildRequestContext;Lorg/gradle/launcher/exec/BuildActionParameters;Lorg/gradle/internal/service/ServiceRegistry;)Ljava/lang/Object;+63
j  org.gradle.launcher.exec.InProcessBuildActionExecuter.execute(Lorg/gradle/internal/invocation/BuildAction;Lorg/gradle/initialization/BuildRequestContext;Ljava/lang/Object;Lorg/gradle/internal/service/ServiceRegistry;)Ljava/lang/Object;+9
j  org.gradle.launcher.exec.ContinuousBuildActionExecuter.execute(Lorg/gradle/internal/invocation/BuildAction;Lorg/gradle/initialization/BuildRequestContext;Lorg/gradle/launcher/exec/BuildActionParameters;Lorg/gradle/internal/service/ServiceRegistry;)Ljava/lang/Object;+70
j  org.gradle.launcher.exec.ContinuousBuildActionExecuter.execute(Lorg/gradle/internal/invocation/BuildAction;Lorg/gradle/initialization/BuildRequestContext;Ljava/lang/Object;Lorg/gradle/internal/service/ServiceRegistry;)Ljava/lang/Object;+9
j  org.gradle.launcher.daemon.server.exec.ExecuteBuild.doBuild(Lorg/gradle/launcher/daemon/server/api/DaemonCommandExecution;Lorg/gradle/launcher/daemon/protocol/Build;)V+74
j  org.gradle.launcher.daemon.server.exec.BuildCommandOnly.execute(Lorg/gradle/launcher/daemon/server/api/DaemonCommandExecution;)V+49
J 15533 C1 org.gradle.launcher.daemon.server.api.DaemonCommandExecution.proceed()Z (35 bytes) @ 0x0000000002c74ed4 [0x0000000002c74b20+0x3b4]
j  org.gradle.launcher.daemon.server.exec.WatchForDisconnection.execute(Lorg/gradle/launcher/daemon/server/api/DaemonCommandExecution;)V+19
J 15533 C1 org.gradle.launcher.daemon.server.api.DaemonCommandExecution.proceed()Z (35 bytes) @ 0x0000000002c74ed4 [0x0000000002c74b20+0x3b4]
j  org.gradle.launcher.daemon.server.exec.ResetDeprecationLogger.execute(Lorg/gradle/launcher/daemon/server/api/DaemonCommandExecution;)V+4
J 15533 C1 org.gradle.launcher.daemon.server.api.DaemonCommandExecution.proceed()Z (35 bytes) @ 0x0000000002c74ed4 [0x0000000002c74b20+0x3b4]
j  org.gradle.launcher.daemon.server.exec.RequestStopIfSingleUsedDaemon.execute(Lorg/gradle/launcher/daemon/server/api/DaemonCommandExecution;)V+31
J 15533 C1 org.gradle.launcher.daemon.server.api.DaemonCommandExecution.proceed()Z (35 bytes) @ 0x0000000002c74ed4 [0x0000000002c74b20+0x3b4]
j  org.gradle.launcher.daemon.server.exec.ForwardClientInput$2.call()Ljava/lang/Void;+4
j  org.gradle.launcher.daemon.server.exec.ForwardClientInput$2.call()Ljava/lang/Object;+1
j  org.gradle.util.Swapper.swap(Ljava/lang/Object;Ljava/util/concurrent/Callable;)Ljava/lang/Object;+21
j  org.gradle.launcher.daemon.server.exec.ForwardClientInput.execute(Lorg/gradle/launcher/daemon/server/api/DaemonCommandExecution;)V+63
J 15533 C1 org.gradle.launcher.daemon.server.api.DaemonCommandExecution.proceed()Z (35 bytes) @ 0x0000000002c74ed4 [0x0000000002c74b20+0x3b4]
j  org.gradle.launcher.daemon.server.health.DaemonHealthTracker.execute(Lorg/gradle/launcher/daemon/server/api/DaemonCommandExecution;)V+35
J 15533 C1 org.gradle.launcher.daemon.server.api.DaemonCommandExecution.proceed()Z (35 bytes) @ 0x0000000002c74ed4 [0x0000000002c74b20+0x3b4]
j  org.gradle.launcher.daemon.server.exec.LogToClient.doBuild(Lorg/gradle/launcher/daemon/server/api/DaemonCommandExecution;Lorg/gradle/launcher/daemon/protocol/Build;)V+106
j  org.gradle.launcher.daemon.server.exec.BuildCommandOnly.execute(Lorg/gradle/launcher/daemon/server/api/DaemonCommandExecution;)V+49
J 15533 C1 org.gradle.launcher.daemon.server.api.DaemonCommandExecution.proceed()Z (35 bytes) @ 0x0000000002c74ed4 [0x0000000002c74b20+0x3b4]
j  org.gradle.launcher.daemon.server.exec.EstablishBuildEnvironment.doBuild(Lorg/gradle/launcher/daemon/server/api/DaemonCommandExecution;Lorg/gradle/launcher/daemon/protocol/Build;)V+243
j  org.gradle.launcher.daemon.server.exec.BuildCommandOnly.execute(Lorg/gradle/launcher/daemon/server/api/DaemonCommandExecution;)V+49
J 15533 C1 org.gradle.launcher.daemon.server.api.DaemonCommandExecution.proceed()Z (35 bytes) @ 0x0000000002c74ed4 [0x0000000002c74b20+0x3b4]
j  org.gradle.launcher.daemon.server.health.HintGCAfterBuild.execute(Lorg/gradle/launcher/daemon/server/api/DaemonCommandExecution;)V+1
J 15533 C1 org.gradle.launcher.daemon.server.api.DaemonCommandExecution.proceed()Z (35 bytes) @ 0x0000000002c74ed4 [0x0000000002c74b20+0x3b4]
j  org.gradle.launcher.daemon.server.exec.StartBuildOrRespondWithBusy$1.run()V+44
j  org.gradle.launcher.daemon.server.DaemonStateCoordinator$1.run()V+4
j  org.gradle.internal.concurrent.ExecutorPolicy$CatchAndRecordFailures.onExecute(Ljava/lang/Runnable;)V+1
j  org.gradle.internal.concurrent.StoppableExecutorImpl$1.run()V+25
j  java.util.concurrent.ThreadPoolExecutor.runWorker(Ljava/util/concurrent/ThreadPoolExecutor$Worker;)V+95
j  java.util.concurrent.ThreadPoolExecutor$Worker.run()V+5
J 15529 C1 java.lang.Thread.run()V (17 bytes) @ 0x0000000002c85984 [0x0000000002c85840+0x144]
v  ~StubRoutines::call_stub

---------------  P R O C E S S  ---------------

Java Threads: ( => current thread )
  0x0000000018517000 JavaThread "Stdin handler" [_thread_blocked, id=10376, stack(0x0000000000410000,0x0000000000510000)]
=>0x0000000018510800 JavaThread "Daemon worker Thread 9" [_thread_in_vm, id=9852, stack(0x0000000000310000,0x0000000000410000)]
  0x000000001850f800 JavaThread "Cancel handler" [_thread_blocked, id=6940, stack(0x0000000000210000,0x0000000000310000)]
  0x0000000018512000 JavaThread "Handler for socket connection from /127.0.0.1:51584 to /127.0.0.1:55110" [_thread_in_native, id=9376, stack(0x0000000000110000,0x0000000000210000)]
  0x000000001850e000 JavaThread "Daemon Thread 9" [_thread_blocked, id=1580, stack(0x0000000000010000,0x0000000000110000)]
  0x0000000017dfe000 JavaThread "File lock request listener" [_thread_in_native, id=6268, stack(0x000000001ab40000,0x000000001ac40000)]
  0x0000000017dfc800 JavaThread "Incoming local TCP Connector on port 51584" [_thread_in_native, id=2900, stack(0x0000000017920000,0x0000000017a20000)]
  0x000000001522e000 JavaThread "Service Thread" daemon [_thread_blocked, id=4612, stack(0x0000000016f20000,0x0000000017020000)]
  0x00000000151d9000 JavaThread "C1 CompilerThread2" daemon [_thread_blocked, id=6256, stack(0x0000000016a20000,0x0000000016b20000)]
  0x00000000151d4800 JavaThread "C2 CompilerThread1" daemon [_thread_blocked, id=5200, stack(0x0000000016920000,0x0000000016a20000)]
  0x00000000151ca000 JavaThread "C2 CompilerThread0" daemon [_thread_blocked, id=6576, stack(0x0000000016820000,0x0000000016920000)]
  0x00000000151c8800 JavaThread "Attach Listener" daemon [_thread_blocked, id=6428, stack(0x0000000016720000,0x0000000016820000)]
  0x00000000151c7000 JavaThread "Signal Dispatcher" daemon [_thread_blocked, id=3116, stack(0x0000000016620000,0x0000000016720000)]
  0x0000000002af7000 JavaThread "Finalizer" daemon [_thread_blocked, id=6436, stack(0x0000000016420000,0x0000000016520000)]
  0x0000000002aee000 JavaThread "Reference Handler" daemon [_thread_blocked, id=5592, stack(0x0000000016320000,0x0000000016420000)]
  0x000000000292e000 JavaThread "main" [_thread_blocked, id=6340, stack(0x0000000002800000,0x0000000002900000)]

Other Threads:
  0x0000000015197800 VMThread [stack: 0x0000000016220000,0x0000000016320000] [id=6252]
  0x0000000016b6f800 WatcherThread [stack: 0x0000000017020000,0x0000000017120000] [id=3496]

VM state:not at safepoint (normal execution)

VM Mutex/Monitor currently owned by a thread: None

Heap:
 PSYoungGen      total 325120K, used 26425K [0x00000000eab00000, 0x00000000ffe00000, 0x0000000100000000)
  eden space 303104K, 8% used [0x00000000eab00000,0x00000000ec4ce7f0,0x00000000fd300000)
  from space 22016K, 0% used [0x00000000fe880000,0x00000000fe880000,0x00000000ffe00000)
  to   space 22016K, 0% used [0x00000000fd300000,0x00000000fd300000,0x00000000fe880000)
 ParOldGen       total 91648K, used 28481K [0x00000000c0000000, 0x00000000c5980000, 0x00000000eab00000)
  object space 91648K, 31% used [0x00000000c0000000,0x00000000c1bd04d0,0x00000000c5980000)
 Metaspace       used 57254K, capacity 59528K, committed 63104K, reserved 1103872K
  class space    used 7304K, capacity 7531K, committed 8320K, reserved 1048576K

Card table byte_map: [0x0000000011ec0000,0x00000000120d0000] byte_map_base: 0x00000000118c0000

Marking Bits: (ParMarkBitMap*) 0x000000006a0ea5b0
 Begin Bits: [0x0000000012630000, 0x0000000013630000)
 End Bits:   [0x0000000013630000, 0x0000000014630000)

Polling page: 0x0000000000eb0000

CodeCache: size=245760Kb used=43806Kb max_used=43984Kb free=201953Kb
 bounds [0x0000000002b00000, 0x0000000005650000, 0x0000000011b00000]
 total_blobs=12356 nmethods=11634 adapters=632
 compilation: enabled

Compilation events (10 events):
Event: 18398.506 Thread 0x00000000151d9000 nmethod 15546 0x0000000003a5e710 code [0x0000000003a5e940, 0x0000000003a5f5c8]
Event: 18398.507 Thread 0x00000000151d9000 15547       3       org.gradle.model.internal.core.ModelCreators$1::<init> (15 bytes)
Event: 18398.508 Thread 0x00000000151d9000 nmethod 15547 0x00000000034de5d0 code [0x00000000034de720, 0x00000000034de8f0]
Event: 18398.509 Thread 0x00000000151d9000 15548       3       org.gradle.model.internal.core.ModelCreators$Builder::hidden (7 bytes)
Event: 18398.509 Thread 0x00000000151d9000 nmethod 15548 0x0000000003a5e390 code [0x0000000003a5e4e0, 0x0000000003a5e630]
Event: 18398.519 Thread 0x00000000151ca000 nmethod 15545 0x0000000003352c90 code [0x0000000003352e60, 0x00000000033538e8]
Event: 18398.521 Thread 0x00000000151d9000 15549       3       sun.reflect.generics.tree.Wildcard::accept (8 bytes)
Event: 18398.522 Thread 0x00000000151d9000 nmethod 15549 0x00000000039f2cd0 code [0x00000000039f2e80, 0x00000000039f34f0]
Event: 18398.522 Thread 0x00000000151d4800 15550       4       sun.reflect.generics.reflectiveObjects.TypeVariableImpl::toString (5 bytes)
Event: 18398.523 Thread 0x00000000151d4800 nmethod 15550 0x0000000002d14a50 code [0x0000000002d14b80, 0x0000000002d14bd8]

GC Heap History (10 events):
Event: 14305.158 GC heap before
{Heap before GC invocations=28 (full 8):
 PSYoungGen      total 324608K, used 1872K [0x00000000eab00000, 0x00000000fff00000, 0x0000000100000000)
  eden space 302592K, 0% used [0x00000000eab00000,0x00000000eab00000,0x00000000fd280000)
  from space 22016K, 8% used [0x00000000fe880000,0x00000000fea54010,0x00000000ffe00000)
  to   space 22528K, 0% used [0x00000000fd280000,0x00000000fd280000,0x00000000fe880000)
 ParOldGen       total 91648K, used 40300K [0x00000000c0000000, 0x00000000c5980000, 0x00000000eab00000)
  object space 91648K, 43% used [0x00000000c0000000,0x00000000c275b3a8,0x00000000c5980000)
 Metaspace       used 57462K, capacity 60392K, committed 60544K, reserved 1101824K
  class space    used 7496K, capacity 7923K, committed 8064K, reserved 1048576K
Event: 14305.495 GC heap after
Heap after GC invocations=28 (full 8):
 PSYoungGen      total 324608K, used 0K [0x00000000eab00000, 0x00000000fff00000, 0x0000000100000000)
  eden space 302592K, 0% used [0x00000000eab00000,0x00000000eab00000,0x00000000fd280000)
  from space 22016K, 0% used [0x00000000fe880000,0x00000000fe880000,0x00000000ffe00000)
  to   space 22528K, 0% used [0x00000000fd280000,0x00000000fd280000,0x00000000fe880000)
 ParOldGen       total 91648K, used 40051K [0x00000000c0000000, 0x00000000c5980000, 0x00000000eab00000)
  object space 91648K, 43% used [0x00000000c0000000,0x00000000c271cc60,0x00000000c5980000)
 Metaspace       used 57462K, capacity 60392K, committed 60544K, reserved 1101824K
  class space    used 7496K, capacity 7923K, committed 8064K, reserved 1048576K
}
Event: 14428.076 GC heap before
{Heap before GC invocations=29 (full 8):
 PSYoungGen      total 324608K, used 297090K [0x00000000eab00000, 0x00000000fff00000, 0x0000000100000000)
  eden space 302592K, 98% used [0x00000000eab00000,0x00000000fcd20ba8,0x00000000fd280000)
  from space 22016K, 0% used [0x00000000fe880000,0x00000000fe880000,0x00000000ffe00000)
  to   space 22528K, 0% used [0x00000000fd280000,0x00000000fd280000,0x00000000fe880000)
 ParOldGen       total 91648K, used 40051K [0x00000000c0000000, 0x00000000c5980000, 0x00000000eab00000)
  object space 91648K, 43% used [0x00000000c0000000,0x00000000c271cc60,0x00000000c5980000)
 Metaspace       used 58132K, capacity 61702K, committed 61952K, reserved 1103872K
  class space    used 7581K, capacity 8063K, committed 8192K, reserved 1048576K
Event: 14428.085 GC heap after
Heap after GC invocations=29 (full 8):
 PSYoungGen      total 325120K, used 3207K [0x00000000eab00000, 0x00000000ffe00000, 0x0000000100000000)
  eden space 302592K, 0% used [0x00000000eab00000,0x00000000eab00000,0x00000000fd280000)
  from space 22528K, 14% used [0x00000000fd280000,0x00000000fd5a1e30,0x00000000fe880000)
  to   space 22016K, 0% used [0x00000000fe880000,0x00000000fe880000,0x00000000ffe00000)
 ParOldGen       total 91648K, used 40059K [0x00000000c0000000, 0x00000000c5980000, 0x00000000eab00000)
  object space 91648K, 43% used [0x00000000c0000000,0x00000000c271ec60,0x00000000c5980000)
 Metaspace       used 58132K, capacity 61702K, committed 61952K, reserved 1103872K
  class space    used 7581K, capacity 8063K, committed 8192K, reserved 1048576K
}
Event: 14428.085 GC heap before
{Heap before GC invocations=30 (full 9):
 PSYoungGen      total 325120K, used 3207K [0x00000000eab00000, 0x00000000ffe00000, 0x0000000100000000)
  eden space 302592K, 0% used [0x00000000eab00000,0x00000000eab00000,0x00000000fd280000)
  from space 22528K, 14% used [0x00000000fd280000,0x00000000fd5a1e30,0x00000000fe880000)
  to   space 22016K, 0% used [0x00000000fe880000,0x00000000fe880000,0x00000000ffe00000)
 ParOldGen       total 91648K, used 40059K [0x00000000c0000000, 0x00000000c5980000, 0x00000000eab00000)
  object space 91648K, 43% used [0x00000000c0000000,0x00000000c271ec60,0x00000000c5980000)
 Metaspace       used 58132K, capacity 61702K, committed 61952K, reserved 1103872K
  class space    used 7581K, capacity 8063K, committed 8192K, reserved 1048576K
Event: 14428.454 GC heap after
Heap after GC invocations=30 (full 9):
 PSYoungGen      total 325120K, used 0K [0x00000000eab00000, 0x00000000ffe00000, 0x0000000100000000)
  eden space 302592K, 0% used [0x00000000eab00000,0x00000000eab00000,0x00000000fd280000)
  from space 22528K, 0% used [0x00000000fd280000,0x00000000fd280000,0x00000000fe880000)
  to   space 22016K, 0% used [0x00000000fe880000,0x00000000fe880000,0x00000000ffe00000)
 ParOldGen       total 91648K, used 41524K [0x00000000c0000000, 0x00000000c5980000, 0x00000000eab00000)
  object space 91648K, 45% used [0x00000000c0000000,0x00000000c288d228,0x00000000c5980000)
 Metaspace       used 58132K, capacity 61702K, committed 61952K, reserved 1103872K
  class space    used 7581K, capacity 8063K, committed 8192K, reserved 1048576K
}
Event: 18301.816 GC heap before
{Heap before GC invocations=31 (full 9):
 PSYoungGen      total 325120K, used 296343K [0x00000000eab00000, 0x00000000ffe00000, 0x0000000100000000)
  eden space 302592K, 97% used [0x00000000eab00000,0x00000000fcc65e78,0x00000000fd280000)
  from space 22528K, 0% used [0x00000000fd280000,0x00000000fd280000,0x00000000fe880000)
  to   space 22016K, 0% used [0x00000000fe880000,0x00000000fe880000,0x00000000ffe00000)
 ParOldGen       total 91648K, used 41524K [0x00000000c0000000, 0x00000000c5980000, 0x00000000eab00000)
  object space 91648K, 45% used [0x00000000c0000000,0x00000000c288d228,0x00000000c5980000)
 Metaspace       used 58714K, capacity 62814K, committed 63104K, reserved 1103872K
  class space    used 7667K, capacity 8202K, committed 8320K, reserved 1048576K
Event: 18301.823 GC heap after
Heap after GC invocations=31 (full 9):
 PSYoungGen      total 325120K, used 3223K [0x00000000eab00000, 0x00000000ffe00000, 0x0000000100000000)
  eden space 303104K, 0% used [0x00000000eab00000,0x00000000eab00000,0x00000000fd300000)
  from space 22016K, 14% used [0x00000000fe880000,0x00000000feba5e40,0x00000000ffe00000)
  to   space 22016K, 0% used [0x00000000fd300000,0x00000000fd300000,0x00000000fe880000)
 ParOldGen       total 91648K, used 41532K [0x00000000c0000000, 0x00000000c5980000, 0x00000000eab00000)
  object space 91648K, 45% used [0x00000000c0000000,0x00000000c288f228,0x00000000c5980000)
 Metaspace       used 58714K, capacity 62814K, committed 63104K, reserved 1103872K
  class space    used 7667K, capacity 8202K, committed 8320K, reserved 1048576K
}
Event: 18301.823 GC heap before
{Heap before GC invocations=32 (full 10):
 PSYoungGen      total 325120K, used 3223K [0x00000000eab00000, 0x00000000ffe00000, 0x0000000100000000)
  eden space 303104K, 0% used [0x00000000eab00000,0x00000000eab00000,0x00000000fd300000)
  from space 22016K, 14% used [0x00000000fe880000,0x00000000feba5e40,0x00000000ffe00000)
  to   space 22016K, 0% used [0x00000000fd300000,0x00000000fd300000,0x00000000fe880000)
 ParOldGen       total 91648K, used 41532K [0x00000000c0000000, 0x00000000c5980000, 0x00000000eab00000)
  object space 91648K, 45% used [0x00000000c0000000,0x00000000c288f228,0x00000000c5980000)
 Metaspace       used 58714K, capacity 62814K, committed 63104K, reserved 1103872K
  class space    used 7667K, capacity 8202K, committed 8320K, reserved 1048576K
Event: 18302.070 GC heap after
Heap after GC invocations=32 (full 10):
 PSYoungGen      total 325120K, used 0K [0x00000000eab00000, 0x00000000ffe00000, 0x0000000100000000)
  eden space 303104K, 0% used [0x00000000eab00000,0x00000000eab00000,0x00000000fd300000)
  from space 22016K, 0% used [0x00000000fe880000,0x00000000fe880000,0x00000000ffe00000)
  to   space 22016K, 0% used [0x00000000fd300000,0x00000000fd300000,0x00000000fe880000)
 ParOldGen       total 91648K, used 28481K [0x00000000c0000000, 0x00000000c5980000, 0x00000000eab00000)
  object space 91648K, 31% used [0x00000000c0000000,0x00000000c1bd04d0,0x00000000c5980000)
 Metaspace       used 57079K, capacity 59276K, committed 63104K, reserved 1103872K
  class space    used 7279K, capacity 7487K, committed 8320K, reserved 1048576K
}

Deoptimization events (10 events):
Event: 14468.463 Thread 0x0000000018515000 Uncommon trap: reason=class_check action=maybe_recompile pc=0x00000000053eec90 method=java.util.Collections$UnmodifiableMap$UnmodifiableEntrySet$UnmodifiableEntry.<init>(Ljava/util/Map$Entry;)V @ 9
Event: 14468.463 Thread 0x0000000018515000 Uncommon trap: reason=class_check action=maybe_recompile pc=0x00000000053eec90 method=java.util.Collections$UnmodifiableMap$UnmodifiableEntrySet$UnmodifiableEntry.<init>(Ljava/util/Map$Entry;)V @ 9
Event: 14468.463 Thread 0x0000000018515000 Uncommon trap: reason=class_check action=maybe_recompile pc=0x00000000053eec90 method=java.util.Collections$UnmodifiableMap$UnmodifiableEntrySet$UnmodifiableEntry.<init>(Ljava/util/Map$Entry;)V @ 9
Event: 14468.463 Thread 0x0000000018515000 Uncommon trap: reason=class_check action=maybe_recompile pc=0x00000000053eec90 method=java.util.Collections$UnmodifiableMap$UnmodifiableEntrySet$UnmodifiableEntry.<init>(Ljava/util/Map$Entry;)V @ 9
Event: 14469.002 Thread 0x0000000018515000 Uncommon trap: reason=null_check action=make_not_entrant pc=0x000000000548f1d0 method=org.codehaus.groovy.runtime.typehandling.DefaultTypeTransformation.castToType(Ljava/lang/Object;Ljava/lang/Class;)Ljava/lang/Object; @ 65
Event: 14493.989 Thread 0x0000000018515000 Uncommon trap: reason=class_check action=maybe_recompile pc=0x000000000551b994 method=com.google.common.reflect.TypeToken.<init>(Ljava/lang/reflect/Type;)V @ 9
Event: 18297.568 Thread 0x000000001850f800 Uncommon trap: reason=class_check action=maybe_recompile pc=0x000000000551b994 method=com.google.common.reflect.TypeToken.<init>(Ljava/lang/reflect/Type;)V @ 9
Event: 18297.568 Thread 0x000000001850f800 Uncommon trap: reason=class_check action=maybe_recompile pc=0x000000000551b994 method=com.google.common.reflect.TypeToken.<init>(Ljava/lang/reflect/Type;)V @ 9
Event: 18297.568 Thread 0x000000001850f800 Uncommon trap: reason=class_check action=maybe_recompile pc=0x000000000551b994 method=com.google.common.reflect.TypeToken.<init>(Ljava/lang/reflect/Type;)V @ 9
Event: 18302.072 Thread 0x0000000018510800 Uncommon trap: reason=class_check action=maybe_recompile pc=0x0000000002cad428 method=java.lang.String.equals(Ljava/lang/Object;)Z @ 8

Internal exceptions (10 events):
Event: 18398.286 Thread 0x0000000018512000 Exception <a 'java/lang/NoSuchMethodError': <clinit>> (0x00000000eaf568b8) thrown at [C:\workspace\8-2-build-windows-amd64-cygwin\jdk8u65\4987\hotspot\src\share\vm\prims\jni.cpp, line 1591]
Event: 18398.286 Thread 0x0000000018512000 Exception <a 'java/lang/NoSuchMethodError': <clinit>> (0x00000000eaf630c8) thrown at [C:\workspace\8-2-build-windows-amd64-cygwin\jdk8u65\4987\hotspot\src\share\vm\prims\jni.cpp, line 1591]
Event: 18398.287 Thread 0x0000000018512000 Exception <a 'java/lang/NoSuchMethodError': <clinit>> (0x00000000eaf7b430) thrown at [C:\workspace\8-2-build-windows-amd64-cygwin\jdk8u65\4987\hotspot\src\share\vm\prims\jni.cpp, line 1591]
Event: 18398.290 Thread 0x0000000018512000 Exception <a 'java/lang/NoSuchMethodError': <clinit>> (0x00000000eafac320) thrown at [C:\workspace\8-2-build-windows-amd64-cygwin\jdk8u65\4987\hotspot\src\share\vm\prims\jni.cpp, line 1591]
Event: 18398.291 Thread 0x0000000018512000 Exception <a 'java/lang/NoSuchMethodError': <clinit>> (0x00000000eafb5008) thrown at [C:\workspace\8-2-build-windows-amd64-cygwin\jdk8u65\4987\hotspot\src\share\vm\prims\jni.cpp, line 1591]
Event: 18398.293 Thread 0x0000000018512000 Exception <a 'java/lang/NoSuchMethodError': <clinit>> (0x00000000eafd46b8) thrown at [C:\workspace\8-2-build-windows-amd64-cygwin\jdk8u65\4987\hotspot\src\share\vm\prims\jni.cpp, line 1591]
Event: 18398.347 Thread 0x0000000018510800 Exception <a 'java/lang/NoSuchMethodError': <clinit>> (0x00000000eb11c7b0) thrown at [C:\workspace\8-2-build-windows-amd64-cygwin\jdk8u65\4987\hotspot\src\share\vm\prims\jni.cpp, line 1591]
Event: 18398.347 Thread 0x0000000018510800 Exception <a 'java/lang/NoSuchMethodError': <clinit>> (0x00000000eb124910) thrown at [C:\workspace\8-2-build-windows-amd64-cygwin\jdk8u65\4987\hotspot\src\share\vm\prims\jni.cpp, line 1591]
Event: 18398.478 Thread 0x0000000018510800 Exception <a 'java/lang/ClassNotFoundException': asLocalRepo20_aw30300ciconreg62b1p0rvwhBeanInfo> (0x00000000eb3a3c88) thrown at [C:\workspace\8-2-build-windows-amd64-cygwin\jdk8u65\4987\hotspot\src\share\vm\classfile\systemDictionary.cpp, line 210]
Event: 18398.478 Thread 0x0000000018510800 Exception <a 'java/lang/ClassNotFoundException': asLocalRepo20_aw30300ciconreg62b1p0rvwhCustomizer> (0x00000000eb3ad1e0) thrown at [C:\workspace\8-2-build-windows-amd64-cygwin\jdk8u65\4987\hotspot\src\share\vm\classfile\systemDictionary.cpp, line 210]

Events (10 events):
Event: 18398.514 Executing VM operation: RevokeBias
Event: 18398.514 Executing VM operation: RevokeBias done
Event: 18398.514 Executing VM operation: RevokeBias
Event: 18398.514 Executing VM operation: RevokeBias done
Event: 18398.514 Executing VM operation: RevokeBias
Event: 18398.514 Executing VM operation: RevokeBias done
Event: 18398.515 Executing VM operation: BulkRevokeBias
Event: 18398.515 Executing VM operation: BulkRevokeBias done
Event: 18398.527 loading class groovy/runtime/metaclass/org/gradle/api/internal/project/DefaultProjectMetaClass
Event: 18398.527 loading class groovy/runtime/metaclass/org/gradle/api/internal/project/DefaultProjectMetaClass done


Dynamic libraries:
0x00007ff7acd80000 - 0x00007ff7acdb7000 	C:\Program Files\Java\jdk1.8.0_65\bin\java.exe
0x00007ffbe3ee0000 - 0x00007ffbe408c000 	C:\Windows\SYSTEM32\ntdll.dll
0x00007ffbe1920000 - 0x00007ffbe1a5e000 	C:\Windows\system32\KERNEL32.DLL
0x00007ffbe1260000 - 0x00007ffbe1375000 	C:\Windows\system32\KERNELBASE.dll
0x00007ffbdf9b0000 - 0x00007ffbdfa3e000 	C:\Windows\system32\apphelp.dll
0x00007ffbd3d20000 - 0x00007ffbd3d73000 	C:\Windows\AppPatch\AppPatch64\AcGenral.DLL
0x00007ffbe3e20000 - 0x00007ffbe3eca000 	C:\Windows\system32\msvcrt.dll
0x00007ffbe0e60000 - 0x00007ffbe0e8e000 	C:\Windows\SYSTEM32\SspiCli.dll
0x00007ffbe3a50000 - 0x00007ffbe3aa4000 	C:\Windows\system32\SHLWAPI.dll
0x00007ffbe3ac0000 - 0x00007ffbe3c37000 	C:\Windows\system32\USER32.dll
0x00007ffbe3600000 - 0x00007ffbe3794000 	C:\Windows\system32\ole32.dll
0x00007ffbe1b20000 - 0x00007ffbe304b000 	C:\Windows\system32\SHELL32.dll
0x00007ffbe05d0000 - 0x00007ffbe05f1000 	C:\Windows\SYSTEM32\USERENV.dll
0x00007ffbe3120000 - 0x00007ffbe31ca000 	C:\Windows\system32\ADVAPI32.dll
0x00007ffbcfd10000 - 0x00007ffbcfd2e000 	C:\Windows\SYSTEM32\MPR.dll
0x00007ffbe3900000 - 0x00007ffbe3a41000 	C:\Windows\system32\RPCRT4.dll
0x00007ffbe33f0000 - 0x00007ffbe3449000 	C:\Windows\SYSTEM32\sechost.dll
0x00007ffbe15c0000 - 0x00007ffbe17d1000 	C:\Windows\SYSTEM32\combase.dll
0x00007ffbe32a0000 - 0x00007ffbe33ef000 	C:\Windows\system32\GDI32.dll
0x00007ffbe1030000 - 0x00007ffbe1045000 	C:\Windows\SYSTEM32\profapi.dll
0x00007ffbde550000 - 0x00007ffbde602000 	C:\Windows\SYSTEM32\SHCORE.dll
0x00007ffbe1870000 - 0x00007ffbe18a6000 	C:\Windows\system32\IMM32.DLL
0x00007ffbe37a0000 - 0x00007ffbe38f2000 	C:\Windows\system32\MSCTF.dll
0x00007ffbdbe80000 - 0x00007ffbdc0fb000 	C:\Windows\WinSxS\amd64_microsoft.windows.common-controls_6595b64144ccf1df_6.0.9600.18006_none_623f33d3ecbe86e8\COMCTL32.dll
0x0000000069460000 - 0x0000000069532000 	C:\Program Files\Java\jdk1.8.0_65\jre\bin\msvcr100.dll
0x00000000698e0000 - 0x000000006a169000 	C:\Program Files\Java\jdk1.8.0_65\jre\bin\server\jvm.dll
0x00007ffbd77f0000 - 0x00007ffbd77f9000 	C:\Windows\SYSTEM32\WSOCK32.dll
0x00007ffbde6a0000 - 0x00007ffbde6c2000 	C:\Windows\SYSTEM32\WINMM.dll
0x00007ffbde700000 - 0x00007ffbde70a000 	C:\Windows\SYSTEM32\VERSION.dll
0x00007ffbe31d0000 - 0x00007ffbe31d7000 	C:\Windows\system32\PSAPI.DLL
0x00007ffbe1800000 - 0x00007ffbe185a000 	C:\Windows\system32\WS2_32.dll
0x00007ffbde670000 - 0x00007ffbde69a000 	C:\Windows\SYSTEM32\WINMMBASE.dll
0x00007ffbe3ab0000 - 0x00007ffbe3ab9000 	C:\Windows\system32\NSI.dll
0x00007ffbe1100000 - 0x00007ffbe114f000 	C:\Windows\SYSTEM32\cfgmgr32.dll
0x00007ffbdfe40000 - 0x00007ffbdfe68000 	C:\Windows\SYSTEM32\DEVOBJ.dll
0x00000000698d0000 - 0x00000000698df000 	C:\Program Files\Java\jdk1.8.0_65\jre\bin\verify.dll
0x00000000698a0000 - 0x00000000698c9000 	C:\Program Files\Java\jdk1.8.0_65\jre\bin\java.dll
0x0000000069880000 - 0x0000000069896000 	C:\Program Files\Java\jdk1.8.0_65\jre\bin\zip.dll
0x0000000069860000 - 0x000000006987a000 	C:\Program Files\Java\jdk1.8.0_65\jre\bin\net.dll
0x00007ffbe0840000 - 0x00007ffbe0899000 	C:\Windows\system32\mswsock.dll
0x0000000069840000 - 0x0000000069851000 	C:\Program Files\Java\jdk1.8.0_65\jre\bin\nio.dll
0x00007ffbd4730000 - 0x00007ffbd4742000 	C:\Users\albert.motos\.gradle\native\19\windows-amd64\native-platform.dll
0x00007ffbde6d0000 - 0x00007ffbde6fa000 	C:\Windows\SYSTEM32\IPHLPAPI.DLL
0x00007ffbde200000 - 0x00007ffbde20a000 	C:\Windows\SYSTEM32\WINNSI.DLL
0x00007ffbdbb70000 - 0x00007ffbdbb86000 	C:\Windows\SYSTEM32\dhcpcsvc6.DLL
0x00007ffbdbb50000 - 0x00007ffbdbb6a000 	C:\Windows\SYSTEM32\dhcpcsvc.DLL
0x00007ffbe08a0000 - 0x00007ffbe08c0000 	C:\Windows\SYSTEM32\CRYPTSP.dll
0x00007ffbe04c0000 - 0x00007ffbe04f6000 	C:\Windows\system32\rsaenh.dll
0x00007ffbe0af0000 - 0x00007ffbe0b16000 	C:\Windows\SYSTEM32\bcrypt.dll
0x00007ffbe0e90000 - 0x00007ffbe0ef3000 	C:\Windows\system32\bcryptprimitives.dll
0x00007ffbe0f00000 - 0x00007ffbe0f0b000 	C:\Windows\SYSTEM32\CRYPTBASE.dll
0x0000000069640000 - 0x000000006964d000 	C:\Program Files\Java\jdk1.8.0_65\jre\bin\management.dll
0x00007ffbdf210000 - 0x00007ffbdf399000 	C:\Windows\SYSTEM32\dbghelp.dll

VM Arguments:
jvm_args: -XX:MaxPermSize=256m -XX:+HeapDumpOnOutOfMemoryError -Xmx1024m -Dfile.encoding=windows-1252 -Duser.country=ES -Duser.language=es -Duser.variant 
java_command: org.gradle.launcher.daemon.bootstrap.GradleDaemon 2.8
java_class_path (initial): C:\Users\albert.motos\.gradle\wrapper\dists\gradle-2.8-all\ah86jmo43de9lfa8xg9ux3c4h\gradle-2.8\lib\gradle-launcher-2.8.jar
Launcher Type: SUN_STANDARD

Environment Variables:
JAVA_HOME=C:\Program Files\Java\jdk1.8.0_65
PATH=C:\Python27\;C:\Python27\Scripts;C:\ProgramData\Oracle\Java\javapath;C:\oraclexe\app\oracle\product\11.2.0\server\bin;;C:\Program Files (x86)\Intel\iCLS Client\;C:\Program Files\Intel\iCLS Client\;C:\Windows\system32;C:\Windows;C:\Windows\System32\Wbem;C:\Windows\System32\WindowsPowerShell\v1.0\;C:\Program Files\Intel\Intel(R) Management Engine Components\DAL;C:\Program Files (x86)\Intel\Intel(R) Management Engine Components\DAL;C:\Program Files\Intel\Intel(R) Management Engine Components\IPT;C:\Program Files (x86)\Intel\Intel(R) Management Engine Components\IPT;C:\Program Files\Intel\WiFi\bin\;C:\Program Files\Common Files\Intel\WirelessCommon\;C:\Program Files\Java\jdk1.7.0_80\bin
USERNAME=albert.motos
OS=Windows_NT
PROCESSOR_IDENTIFIER=Intel64 Family 6 Model 61 Stepping 4, GenuineIntel



---------------  S Y S T E M  ---------------

OS: Windows 8.1 , 64 bit Build 9600 (6.3.9600.17415)

CPU:total 4 (2 cores per cpu, 2 threads per core) family 6 model 61 stepping 4, cmov, cx8, fxsr, mmx, sse, sse2, sse3, ssse3, sse4.1, sse4.2, popcnt, avx, avx2, aes, clmul, erms, 3dnowpref, lzcnt, ht, tsc, tscinvbit, bmi1, bmi2, adx

Memory: 4k page, physical 8277100k(1828936k free), swap 10374252k(2476404k free)

vm_info: Java HotSpot(TM) 64-Bit Server VM (25.65-b01) for windows-amd64 JRE (1.8.0_65-b17), built on Oct  6 2015 16:39:20 by "java_re" with MS VC++ 10.0 (VS2010)

time: Mon Dec 14 16:37:00 2015
elapsed time: 18398 seconds (0d 5h 6m 38s)

